-------------------------------------------------------------------------------
Test set: GoogleSearchTest
-------------------------------------------------------------------------------
Tests run: 1, Failures: 0, Errors: 1, Skipped: 0, Time elapsed: 0.068 s <<< FAILURE! - in GoogleSearchTest
testGoogleSearch(GoogleSearchTest)  Time elapsed: 0.01 s  <<< ERROR!
java.lang.Error: 
Unresolved compilation problems: 
	The declared package "com.example" does not match the expected package ""
	The method assertNotNull(String, WebElement) is undefined for the type GoogleSearchTest
	The method assertNotNull(String, WebElement) is undefined for the type GoogleSearchTest
	The method assertTrue(String, boolean) is undefined for the type GoogleSearchTest

	at GoogleSearchTest.<init>(GoogleSearchTest.java:1)

