<?xml version="1.0" encoding="UTF-8"?>
<testsuite xmlns:xsi="http://www.w3.org/2001/XMLSchema-instance" xsi:noNamespaceSchemaLocation="https://maven.apache.org/surefire/maven-surefire-plugin/xsd/surefire-test-report.xsd" name="GoogleSearchTest" time="0.068" tests="1" errors="1" skipped="0" failures="0">
  <properties>
[...]
</properties>
  <testcase name="testGoogleSearch" classname="GoogleSearchTest" time="0.01">
    <error message="Unresolved compilation problems: &#10;	The declared package &quot;com.example&quot; does not match the expected package &quot;&quot;&#10;	The method assertNotNull(String, WebElement) is undefined for the type GoogleSearchTest&#10;	The method assertNotNull(String, WebElement) is undefined for the type GoogleSearchTest&#10;	The method assertTrue(String, boolean) is undefined for the type GoogleSearchTest&#10;" type="java.lang.Error"><![CDATA[java.lang.Error: 
Unresolved compilation problems: 
	The declared package "com.example" does not match the expected package ""
	The method assertNotNull(String, WebElement) is undefined for the type GoogleSearchTest
	The method assertNotNull(String, WebElement) is undefined for the type GoogleSearchTest
	The method assertTrue(String, boolean) is undefined for the type GoogleSearchTest

	at GoogleSearchTest.<init>(GoogleSearchTest.java:1)
]]></error>
  </testcase>
</testsuite>